Arguments: 
  /Users/igor.martins/.nvm/versions/node/v14.18.2/bin/node /Users/igor.martins/.nvm/versions/node/v14.18.2/bin/yarn add -D @igorjacauna/esling-config

PATH: 
  /Users/igor.martins/.nvm/versions/node/v14.18.2/bin:/opt/homebrew/bin:/opt/homebrew/sbin:/usr/local/bin:/usr/bin:/bin:/usr/sbin:/sbin:/Library/Apple/usr/bin:/Users/igor.martins/.nvm/versions/node/v14.18.2/bin:/opt/homebrew/bin:/opt/homebrew/sbin:/Users/igor.martins/.cargo/bin:/Users/igor.martins/Library/Android/sdk/emulator:/Users/igor.martins/Library/Android/sdk/platform-tools:/Users/igor.martins/Library/Android/sdk/tools/bin:/tools:/Users/igor.martins/Library/Android/sdk/emulator:/Users/igor.martins/Library/Android/sdk/platform-tools:/Users/igor.martins/Library/Android/sdk/tools/bin:/tools

Yarn version: 
  1.22.17

Node version: 
  14.18.2

Platform: 
  darwin x64

Trace: 
  Error: https://registry.npmjs.org/@igorjacauna%2fesling-config: Not found
      at Request.params.callback [as _callback] (/Users/igor.martins/.nvm/versions/node/v14.18.2/lib/node_modules/yarn/lib/cli.js:67029:18)
      at Request.self.callback (/Users/igor.martins/.nvm/versions/node/v14.18.2/lib/node_modules/yarn/lib/cli.js:140883:22)
      at Request.emit (events.js:400:28)
      at Request.<anonymous> (/Users/igor.martins/.nvm/versions/node/v14.18.2/lib/node_modules/yarn/lib/cli.js:141855:10)
      at Request.emit (events.js:400:28)
      at IncomingMessage.<anonymous> (/Users/igor.martins/.nvm/versions/node/v14.18.2/lib/node_modules/yarn/lib/cli.js:141777:12)
      at Object.onceWrapper (events.js:519:28)
      at IncomingMessage.emit (events.js:412:35)
      at endReadableNT (internal/streams/readable.js:1334:12)
      at processTicksAndRejections (internal/process/task_queues.js:82:21)

npm manifest: 
  {
    "name": "@igorjacauna/vue-lib-services",
    "version": "0.0.0",
    "description": "Biblioteca de serviços para Vue",
    "main": "index.ts",
    "repository": "https://github.com/igorjacauna/vue-lib-services",
    "author": "Igor Jacaúna <igor.jacauna@gmail.com> (github.com/igorjacauna)",
    "license": "MIT",
    "private": true,
    "devDependencies": {
      "typescript": "^4.7.4"
    }
  }

yarn manifest: 
  No manifest

Lockfile: 
  # THIS IS AN AUTOGENERATED FILE. DO NOT EDIT THIS FILE DIRECTLY.
  # yarn lockfile v1
  
  
  typescript@^4.7.4:
    version "4.7.4"
    resolved "https://registry.yarnpkg.com/typescript/-/typescript-4.7.4.tgz#1a88596d1cf47d59507a1bcdfb5b9dfe4d488235"
    integrity sha512-C0WQT0gezHuw6AdY1M2jxUO83Rjf0HP7Sk1DtXj6j1EwkQNZrHAg2XPWlq62oqEhYvONq5pkC2Y9oPljWToLmQ==
